/*C1*/SET SCHEMA SYSTEM_LOBS
INSERT INTO BLOCKS VALUES(0,2147483647,0)
COMMIT
/*C2*/SET SCHEMA PUBLIC
CREATE TABLE Coffee (Description CHAR(25), ProdNum CHAR(10) NOT NULL PRIMARY KEY, Price DOUBLE )
INSERT INTO COFFEE VALUES('Bolivian Dark            ','14-001    ',8.95E0)
COMMIT
INSERT INTO COFFEE VALUES('Bolivian Medium          ','14-002    ',8.95E0)
COMMIT
INSERT INTO COFFEE VALUES('Brazilian Dark           ','15-001    ',7.95E0)
COMMIT
INSERT INTO COFFEE VALUES('Brazilian Medium         ','15-002    ',7.95E0)
COMMIT
INSERT INTO COFFEE VALUES('Brazilian Decaf          ','15-003    ',8.55E0)
COMMIT
INSERT INTO COFFEE VALUES('Central American Dark    ','16-001    ',9.95E0)
COMMIT
INSERT INTO COFFEE VALUES('Central American Medium  ','16-002    ',9.95E0)
COMMIT
INSERT INTO COFFEE VALUES('Sumatra Dark             ','17-001    ',7.95E0)
COMMIT
INSERT INTO COFFEE VALUES('Sumatra Decaf            ','17-002    ',8.95E0)
COMMIT
INSERT INTO COFFEE VALUES('Sumatra Medium           ','17-003    ',7.95E0)
COMMIT
INSERT INTO COFFEE VALUES('Sumatra Organic Dark     ','17-004    ',11.95E0)
COMMIT
INSERT INTO COFFEE VALUES('Kona Medium              ','18-001    ',18.45E0)
COMMIT
INSERT INTO COFFEE VALUES('Kona Dark                ','18-002    ',18.45E0)
COMMIT
INSERT INTO COFFEE VALUES('French Roast Dark        ','19-001    ',9.65E0)
COMMIT
INSERT INTO COFFEE VALUES('Galapagos Medium         ','20-001    ',6.85E0)
COMMIT
INSERT INTO COFFEE VALUES('Guatemalan Dark          ','21-001    ',9.95E0)
COMMIT
INSERT INTO COFFEE VALUES('Guatemalan Decaf         ','21-002    ',10.45E0)
COMMIT
INSERT INTO COFFEE VALUES('Guatemalan Medium        ','21-003    ',9.95E0)
COMMIT
CREATE TABLE Customer( CustomerNumber CHAR(10) NOT NULL PRIMARY KEY,   Name CHAR(25),  Address CHAR(25),  City CHAR(12),  State CHAR(2),  Zip CHAR(5) )
INSERT INTO CUSTOMER VALUES('101       ','Downtown Cafe            ','17 N. Main Street        ','Asheville   ','NC','55515')
COMMIT
INSERT INTO CUSTOMER VALUES('102       ','Main Street Grocery      ','110 E. Main Street       ','Canton      ','NC','55555')
COMMIT
INSERT INTO CUSTOMER VALUES('103       ','The Coffee Place         ','101 Center Plaza         ','Waynesville ','NC','55516')
COMMIT
CREATE TABLE UnpaidOrder ( CustomerNumber CHAR(10) NOT NULL REFERENCES Customer(CustomerNumber),   ProdNum CHAR(10) NOT NULL REFERENCES Coffee(ProdNum),  OrderDate CHAR(10),  Quantity DOUBLE,  Cost DOUBLE )
DISCONNECT
